2025-03-29 17:29:53 - INFO - 创建数据输出目录: monitor_data
2025-03-29 17:29:53 - INFO - 创建图表输出目录: monitor_graphs
2025-03-29 17:29:53 - ERROR - Error getting CPU power info: [Errno 13] Permission denied: '/sys/class/powercap/intel-rapl:1/energy_uj'
2025-03-29 17:29:53 - ERROR - Error getting DRAM power info: [Errno 13] Permission denied: '/sys/class/powercap/intel-rapl:0:0/energy_uj'
Traceback (most recent call last):
  File "/home/ldaphome/zkm/GPUnion/monitor.py", line 645, in get_dram_power_info
    with open(energy_path, "r") as f:
PermissionError: [Errno 13] Permission denied: '/sys/class/powercap/intel-rapl:0:0/energy_uj'
2025-03-29 17:29:58 - ERROR - Error getting CPU power info: [Errno 13] Permission denied: '/sys/class/powercap/intel-rapl:1/energy_uj'
2025-03-29 17:29:58 - ERROR - Error getting DRAM power info: [Errno 13] Permission denied: '/sys/class/powercap/intel-rapl:0:0/energy_uj'
Traceback (most recent call last):
  File "/home/ldaphome/zkm/GPUnion/monitor.py", line 645, in get_dram_power_info
    with open(energy_path, "r") as f:
PermissionError: [Errno 13] Permission denied: '/sys/class/powercap/intel-rapl:0:0/energy_uj'
2025-03-29 17:30:03 - ERROR - Error getting CPU power info: [Errno 13] Permission denied: '/sys/class/powercap/intel-rapl:1/energy_uj'
2025-03-29 17:30:03 - ERROR - Error getting DRAM power info: [Errno 13] Permission denied: '/sys/class/powercap/intel-rapl:0:0/energy_uj'
Traceback (most recent call last):
  File "/home/ldaphome/zkm/GPUnion/monitor.py", line 645, in get_dram_power_info
    with open(energy_path, "r") as f:
PermissionError: [Errno 13] Permission denied: '/sys/class/powercap/intel-rapl:0:0/energy_uj'
2025-03-29 17:30:08 - ERROR - Error getting CPU power info: [Errno 13] Permission denied: '/sys/class/powercap/intel-rapl:1/energy_uj'
2025-03-29 17:30:08 - ERROR - Error getting DRAM power info: [Errno 13] Permission denied: '/sys/class/powercap/intel-rapl:0:0/energy_uj'
Traceback (most recent call last):
  File "/home/ldaphome/zkm/GPUnion/monitor.py", line 645, in get_dram_power_info
    with open(energy_path, "r") as f:
PermissionError: [Errno 13] Permission denied: '/sys/class/powercap/intel-rapl:0:0/energy_uj'
2025-03-29 17:30:13 - ERROR - Error getting CPU power info: [Errno 13] Permission denied: '/sys/class/powercap/intel-rapl:1/energy_uj'
2025-03-29 17:30:13 - ERROR - Error getting DRAM power info: [Errno 13] Permission denied: '/sys/class/powercap/intel-rapl:0:0/energy_uj'
Traceback (most recent call last):
  File "/home/ldaphome/zkm/GPUnion/monitor.py", line 645, in get_dram_power_info
    with open(energy_path, "r") as f:
PermissionError: [Errno 13] Permission denied: '/sys/class/powercap/intel-rapl:0:0/energy_uj'
2025-03-29 17:30:13 - INFO - 已写入 20 条记录
2025-03-29 17:30:18 - ERROR - Error getting CPU power info: [Errno 13] Permission denied: '/sys/class/powercap/intel-rapl:1/energy_uj'
2025-03-29 17:30:18 - ERROR - Error getting DRAM power info: [Errno 13] Permission denied: '/sys/class/powercap/intel-rapl:0:0/energy_uj'
Traceback (most recent call last):
  File "/home/ldaphome/zkm/GPUnion/monitor.py", line 645, in get_dram_power_info
    with open(energy_path, "r") as f:
PermissionError: [Errno 13] Permission denied: '/sys/class/powercap/intel-rapl:0:0/energy_uj'
2025-03-29 17:30:23 - ERROR - Error getting CPU power info: [Errno 13] Permission denied: '/sys/class/powercap/intel-rapl:1/energy_uj'
2025-03-29 17:30:23 - ERROR - Error getting DRAM power info: [Errno 13] Permission denied: '/sys/class/powercap/intel-rapl:0:0/energy_uj'
Traceback (most recent call last):
  File "/home/ldaphome/zkm/GPUnion/monitor.py", line 645, in get_dram_power_info
    with open(energy_path, "r") as f:
PermissionError: [Errno 13] Permission denied: '/sys/class/powercap/intel-rapl:0:0/energy_uj'
2025-03-29 17:30:28 - ERROR - Error getting CPU power info: [Errno 13] Permission denied: '/sys/class/powercap/intel-rapl:1/energy_uj'
2025-03-29 17:30:28 - ERROR - Error getting DRAM power info: [Errno 13] Permission denied: '/sys/class/powercap/intel-rapl:0:0/energy_uj'
Traceback (most recent call last):
  File "/home/ldaphome/zkm/GPUnion/monitor.py", line 645, in get_dram_power_info
    with open(energy_path, "r") as f:
PermissionError: [Errno 13] Permission denied: '/sys/class/powercap/intel-rapl:0:0/energy_uj'
2025-03-29 17:30:33 - ERROR - Error getting CPU power info: [Errno 13] Permission denied: '/sys/class/powercap/intel-rapl:1/energy_uj'
2025-03-29 17:30:33 - ERROR - Error getting DRAM power info: [Errno 13] Permission denied: '/sys/class/powercap/intel-rapl:0:0/energy_uj'
Traceback (most recent call last):
  File "/home/ldaphome/zkm/GPUnion/monitor.py", line 645, in get_dram_power_info
    with open(energy_path, "r") as f:
PermissionError: [Errno 13] Permission denied: '/sys/class/powercap/intel-rapl:0:0/energy_uj'
2025-03-29 17:30:38 - ERROR - Error getting CPU power info: [Errno 13] Permission denied: '/sys/class/powercap/intel-rapl:1/energy_uj'
2025-03-29 17:30:38 - ERROR - Error getting DRAM power info: [Errno 13] Permission denied: '/sys/class/powercap/intel-rapl:0:0/energy_uj'
Traceback (most recent call last):
  File "/home/ldaphome/zkm/GPUnion/monitor.py", line 645, in get_dram_power_info
    with open(energy_path, "r") as f:
PermissionError: [Errno 13] Permission denied: '/sys/class/powercap/intel-rapl:0:0/energy_uj'
2025-03-29 17:30:38 - INFO - 已写入 40 条记录
2025-03-29 17:30:43 - ERROR - Error getting CPU power info: [Errno 13] Permission denied: '/sys/class/powercap/intel-rapl:1/energy_uj'
2025-03-29 17:30:43 - ERROR - Error getting DRAM power info: [Errno 13] Permission denied: '/sys/class/powercap/intel-rapl:0:0/energy_uj'
Traceback (most recent call last):
  File "/home/ldaphome/zkm/GPUnion/monitor.py", line 645, in get_dram_power_info
    with open(energy_path, "r") as f:
PermissionError: [Errno 13] Permission denied: '/sys/class/powercap/intel-rapl:0:0/energy_uj'
2025-03-29 17:30:48 - ERROR - Error getting CPU power info: [Errno 13] Permission denied: '/sys/class/powercap/intel-rapl:1/energy_uj'
2025-03-29 17:30:48 - ERROR - Error getting DRAM power info: [Errno 13] Permission denied: '/sys/class/powercap/intel-rapl:0:0/energy_uj'
Traceback (most recent call last):
  File "/home/ldaphome/zkm/GPUnion/monitor.py", line 645, in get_dram_power_info
    with open(energy_path, "r") as f:
PermissionError: [Errno 13] Permission denied: '/sys/class/powercap/intel-rapl:0:0/energy_uj'
2025-03-29 17:30:50 - INFO - 图表已保存为 monitor_graphs/hardware_metrics_20250329_173049.html
2025-03-29 17:30:57 - ERROR - Error getting CPU power info: [Errno 13] Permission denied: '/sys/class/powercap/intel-rapl:1/energy_uj'
2025-03-29 17:30:57 - ERROR - Error getting DRAM power info: [Errno 13] Permission denied: '/sys/class/powercap/intel-rapl:0:0/energy_uj'
Traceback (most recent call last):
  File "/home/ldaphome/zkm/GPUnion/monitor.py", line 645, in get_dram_power_info
    with open(energy_path, "r") as f:
PermissionError: [Errno 13] Permission denied: '/sys/class/powercap/intel-rapl:0:0/energy_uj'
2025-03-29 17:31:02 - ERROR - Error getting CPU power info: [Errno 13] Permission denied: '/sys/class/powercap/intel-rapl:1/energy_uj'
2025-03-29 17:31:02 - ERROR - Error getting DRAM power info: [Errno 13] Permission denied: '/sys/class/powercap/intel-rapl:0:0/energy_uj'
Traceback (most recent call last):
  File "/home/ldaphome/zkm/GPUnion/monitor.py", line 645, in get_dram_power_info
    with open(energy_path, "r") as f:
PermissionError: [Errno 13] Permission denied: '/sys/class/powercap/intel-rapl:0:0/energy_uj'
2025-03-29 17:31:07 - ERROR - Error getting CPU power info: [Errno 13] Permission denied: '/sys/class/powercap/intel-rapl:1/energy_uj'
2025-03-29 17:31:07 - ERROR - Error getting DRAM power info: [Errno 13] Permission denied: '/sys/class/powercap/intel-rapl:0:0/energy_uj'
Traceback (most recent call last):
  File "/home/ldaphome/zkm/GPUnion/monitor.py", line 645, in get_dram_power_info
    with open(energy_path, "r") as f:
PermissionError: [Errno 13] Permission denied: '/sys/class/powercap/intel-rapl:0:0/energy_uj'
2025-03-29 17:31:08 - INFO - 已写入 60 条记录
2025-03-29 17:31:12 - ERROR - Error getting CPU power info: [Errno 13] Permission denied: '/sys/class/powercap/intel-rapl:1/energy_uj'
2025-03-29 17:31:12 - ERROR - Error getting DRAM power info: [Errno 13] Permission denied: '/sys/class/powercap/intel-rapl:0:0/energy_uj'
Traceback (most recent call last):
  File "/home/ldaphome/zkm/GPUnion/monitor.py", line 645, in get_dram_power_info
    with open(energy_path, "r") as f:
PermissionError: [Errno 13] Permission denied: '/sys/class/powercap/intel-rapl:0:0/energy_uj'
2025-03-29 17:31:17 - ERROR - Error getting CPU power info: [Errno 13] Permission denied: '/sys/class/powercap/intel-rapl:1/energy_uj'
2025-03-29 17:31:17 - ERROR - Error getting DRAM power info: [Errno 13] Permission denied: '/sys/class/powercap/intel-rapl:0:0/energy_uj'
Traceback (most recent call last):
  File "/home/ldaphome/zkm/GPUnion/monitor.py", line 645, in get_dram_power_info
    with open(energy_path, "r") as f:
PermissionError: [Errno 13] Permission denied: '/sys/class/powercap/intel-rapl:0:0/energy_uj'
2025-03-29 17:31:22 - ERROR - Error getting CPU power info: [Errno 13] Permission denied: '/sys/class/powercap/intel-rapl:1/energy_uj'
2025-03-29 17:31:22 - ERROR - Error getting DRAM power info: [Errno 13] Permission denied: '/sys/class/powercap/intel-rapl:0:0/energy_uj'
Traceback (most recent call last):
  File "/home/ldaphome/zkm/GPUnion/monitor.py", line 645, in get_dram_power_info
    with open(energy_path, "r") as f:
PermissionError: [Errno 13] Permission denied: '/sys/class/powercap/intel-rapl:0:0/energy_uj'
2025-03-29 17:31:27 - ERROR - Error getting CPU power info: [Errno 13] Permission denied: '/sys/class/powercap/intel-rapl:1/energy_uj'
2025-03-29 17:31:27 - ERROR - Error getting DRAM power info: [Errno 13] Permission denied: '/sys/class/powercap/intel-rapl:0:0/energy_uj'
Traceback (most recent call last):
  File "/home/ldaphome/zkm/GPUnion/monitor.py", line 645, in get_dram_power_info
    with open(energy_path, "r") as f:
PermissionError: [Errno 13] Permission denied: '/sys/class/powercap/intel-rapl:0:0/energy_uj'
2025-03-29 17:31:32 - ERROR - Error getting CPU power info: [Errno 13] Permission denied: '/sys/class/powercap/intel-rapl:1/energy_uj'
2025-03-29 17:31:32 - ERROR - Error getting DRAM power info: [Errno 13] Permission denied: '/sys/class/powercap/intel-rapl:0:0/energy_uj'
Traceback (most recent call last):
  File "/home/ldaphome/zkm/GPUnion/monitor.py", line 645, in get_dram_power_info
    with open(energy_path, "r") as f:
PermissionError: [Errno 13] Permission denied: '/sys/class/powercap/intel-rapl:0:0/energy_uj'
2025-03-29 17:31:33 - INFO - 已写入 80 条记录
2025-03-29 17:31:37 - ERROR - Error getting CPU power info: [Errno 13] Permission denied: '/sys/class/powercap/intel-rapl:1/energy_uj'
2025-03-29 17:31:37 - ERROR - Error getting DRAM power info: [Errno 13] Permission denied: '/sys/class/powercap/intel-rapl:0:0/energy_uj'
Traceback (most recent call last):
  File "/home/ldaphome/zkm/GPUnion/monitor.py", line 645, in get_dram_power_info
    with open(energy_path, "r") as f:
PermissionError: [Errno 13] Permission denied: '/sys/class/powercap/intel-rapl:0:0/energy_uj'
2025-03-29 17:31:42 - ERROR - Error getting CPU power info: [Errno 13] Permission denied: '/sys/class/powercap/intel-rapl:1/energy_uj'
2025-03-29 17:31:42 - ERROR - Error getting DRAM power info: [Errno 13] Permission denied: '/sys/class/powercap/intel-rapl:0:0/energy_uj'
Traceback (most recent call last):
  File "/home/ldaphome/zkm/GPUnion/monitor.py", line 645, in get_dram_power_info
    with open(energy_path, "r") as f:
PermissionError: [Errno 13] Permission denied: '/sys/class/powercap/intel-rapl:0:0/energy_uj'
2025-03-29 17:31:47 - ERROR - Error getting CPU power info: [Errno 13] Permission denied: '/sys/class/powercap/intel-rapl:1/energy_uj'
2025-03-29 17:31:47 - ERROR - Error getting DRAM power info: [Errno 13] Permission denied: '/sys/class/powercap/intel-rapl:0:0/energy_uj'
Traceback (most recent call last):
  File "/home/ldaphome/zkm/GPUnion/monitor.py", line 645, in get_dram_power_info
    with open(energy_path, "r") as f:
PermissionError: [Errno 13] Permission denied: '/sys/class/powercap/intel-rapl:0:0/energy_uj'
2025-03-29 17:31:52 - ERROR - Error getting CPU power info: [Errno 13] Permission denied: '/sys/class/powercap/intel-rapl:1/energy_uj'
2025-03-29 17:31:52 - ERROR - Error getting DRAM power info: [Errno 13] Permission denied: '/sys/class/powercap/intel-rapl:0:0/energy_uj'
Traceback (most recent call last):
  File "/home/ldaphome/zkm/GPUnion/monitor.py", line 645, in get_dram_power_info
    with open(energy_path, "r") as f:
PermissionError: [Errno 13] Permission denied: '/sys/class/powercap/intel-rapl:0:0/energy_uj'
2025-03-29 17:31:53 - INFO - 图表已保存为 monitor_graphs/hardware_metrics_20250329_173153.html
2025-03-29 17:31:57 - ERROR - Error getting CPU power info: [Errno 13] Permission denied: '/sys/class/powercap/intel-rapl:1/energy_uj'
2025-03-29 17:31:57 - ERROR - Error getting DRAM power info: [Errno 13] Permission denied: '/sys/class/powercap/intel-rapl:0:0/energy_uj'
Traceback (most recent call last):
  File "/home/ldaphome/zkm/GPUnion/monitor.py", line 645, in get_dram_power_info
    with open(energy_path, "r") as f:
PermissionError: [Errno 13] Permission denied: '/sys/class/powercap/intel-rapl:0:0/energy_uj'
2025-03-29 17:31:58 - INFO - 已写入 100 条记录
2025-03-29 17:32:02 - ERROR - Error getting CPU power info: [Errno 13] Permission denied: '/sys/class/powercap/intel-rapl:1/energy_uj'
2025-03-29 17:32:02 - ERROR - Error getting DRAM power info: [Errno 13] Permission denied: '/sys/class/powercap/intel-rapl:0:0/energy_uj'
Traceback (most recent call last):
  File "/home/ldaphome/zkm/GPUnion/monitor.py", line 645, in get_dram_power_info
    with open(energy_path, "r") as f:
PermissionError: [Errno 13] Permission denied: '/sys/class/powercap/intel-rapl:0:0/energy_uj'
2025-03-29 17:32:07 - ERROR - Error getting CPU power info: [Errno 13] Permission denied: '/sys/class/powercap/intel-rapl:1/energy_uj'
2025-03-29 17:32:07 - ERROR - Error getting DRAM power info: [Errno 13] Permission denied: '/sys/class/powercap/intel-rapl:0:0/energy_uj'
Traceback (most recent call last):
  File "/home/ldaphome/zkm/GPUnion/monitor.py", line 645, in get_dram_power_info
    with open(energy_path, "r") as f:
PermissionError: [Errno 13] Permission denied: '/sys/class/powercap/intel-rapl:0:0/energy_uj'
2025-03-29 17:32:12 - ERROR - Error getting CPU power info: [Errno 13] Permission denied: '/sys/class/powercap/intel-rapl:1/energy_uj'
2025-03-29 17:32:12 - ERROR - Error getting DRAM power info: [Errno 13] Permission denied: '/sys/class/powercap/intel-rapl:0:0/energy_uj'
Traceback (most recent call last):
  File "/home/ldaphome/zkm/GPUnion/monitor.py", line 645, in get_dram_power_info
    with open(energy_path, "r") as f:
PermissionError: [Errno 13] Permission denied: '/sys/class/powercap/intel-rapl:0:0/energy_uj'
2025-03-29 17:32:17 - ERROR - Error getting CPU power info: [Errno 13] Permission denied: '/sys/class/powercap/intel-rapl:1/energy_uj'
2025-03-29 17:32:17 - ERROR - Error getting DRAM power info: [Errno 13] Permission denied: '/sys/class/powercap/intel-rapl:0:0/energy_uj'
Traceback (most recent call last):
  File "/home/ldaphome/zkm/GPUnion/monitor.py", line 645, in get_dram_power_info
    with open(energy_path, "r") as f:
PermissionError: [Errno 13] Permission denied: '/sys/class/powercap/intel-rapl:0:0/energy_uj'
2025-03-29 17:32:22 - ERROR - Error getting CPU power info: [Errno 13] Permission denied: '/sys/class/powercap/intel-rapl:1/energy_uj'
2025-03-29 17:32:22 - ERROR - Error getting DRAM power info: [Errno 13] Permission denied: '/sys/class/powercap/intel-rapl:0:0/energy_uj'
Traceback (most recent call last):
  File "/home/ldaphome/zkm/GPUnion/monitor.py", line 645, in get_dram_power_info
    with open(energy_path, "r") as f:
PermissionError: [Errno 13] Permission denied: '/sys/class/powercap/intel-rapl:0:0/energy_uj'
2025-03-29 17:32:23 - INFO - 已写入 120 条记录
2025-03-29 17:32:27 - ERROR - Error getting CPU power info: [Errno 13] Permission denied: '/sys/class/powercap/intel-rapl:1/energy_uj'
2025-03-29 17:32:27 - ERROR - Error getting DRAM power info: [Errno 13] Permission denied: '/sys/class/powercap/intel-rapl:0:0/energy_uj'
Traceback (most recent call last):
  File "/home/ldaphome/zkm/GPUnion/monitor.py", line 645, in get_dram_power_info
    with open(energy_path, "r") as f:
PermissionError: [Errno 13] Permission denied: '/sys/class/powercap/intel-rapl:0:0/energy_uj'
2025-03-29 17:32:33 - INFO - 图表已保存为 monitor_graphs/hardware_metrics_20250329_173233.html
2025-03-29 17:51:58 - INFO - 已写入 20 条记录
2025-03-29 17:52:23 - INFO - 已写入 40 条记录
2025-03-29 17:52:48 - INFO - 已写入 60 条记录
2025-03-29 17:53:13 - INFO - 已写入 80 条记录
2025-03-29 17:53:38 - INFO - 已写入 100 条记录
2025-03-29 17:54:03 - INFO - 已写入 120 条记录
2025-03-29 17:54:28 - INFO - 已写入 140 条记录
2025-03-29 17:54:53 - INFO - 已写入 160 条记录
